13:57:28.446 [main] WARN  o.h.e.jdbc.internal.JdbcServicesImpl - HHH000342: Could not obtain connection to query metadata : Unknown database 'oauth'
13:57:28.461 [main] ERROR o.s.web.context.ContextLoader - Context initialization failed
org.springframework.beans.factory.BeanCreationException: Error creating bean with name 'org.springframework.dao.annotation.PersistenceExceptionTranslationPostProcessor#0': Initialization of bean failed; nested exception is org.springframework.beans.factory.BeanCreationException: Error creating bean with name 'entityManagerFactory' defined in URL [file:/C:/workspace/oauth/target/classes/applicationContext.xml]: Invocation of init method failed; nested exception is javax.persistence.PersistenceException: [PersistenceUnit: default] Unable to build EntityManagerFactory
	at org.springframework.beans.factory.support.AbstractAutowireCapableBeanFactory.doCreateBean(AbstractAutowireCapableBeanFactory.java:527) ~[spring-beans-3.1.2.RELEASE.jar:3.1.2.RELEASE]
	at org.springframework.beans.factory.support.AbstractAutowireCapableBeanFactory.createBean(AbstractAutowireCapableBeanFactory.java:456) ~[spring-beans-3.1.2.RELEASE.jar:3.1.2.RELEASE]
	at org.springframework.beans.factory.support.AbstractBeanFactory$1.getObject(AbstractBeanFactory.java:294) ~[spring-beans-3.1.2.RELEASE.jar:3.1.2.RELEASE]
	at org.springframework.beans.factory.support.DefaultSingletonBeanRegistry.getSingleton(DefaultSingletonBeanRegistry.java:225) ~[spring-beans-3.1.2.RELEASE.jar:3.1.2.RELEASE]
	at org.springframework.beans.factory.support.AbstractBeanFactory.doGetBean(AbstractBeanFactory.java:291) ~[spring-beans-3.1.2.RELEASE.jar:3.1.2.RELEASE]
	at org.springframework.beans.factory.support.AbstractBeanFactory.getBean(AbstractBeanFactory.java:197) ~[spring-beans-3.1.2.RELEASE.jar:3.1.2.RELEASE]
	at org.springframework.context.support.AbstractApplicationContext.registerBeanPostProcessors(AbstractApplicationContext.java:733) ~[spring-context-3.1.2.RELEASE.jar:3.1.2.RELEASE]
	at org.springframework.context.support.AbstractApplicationContext.refresh(AbstractApplicationContext.java:454) ~[spring-context-3.1.2.RELEASE.jar:3.1.2.RELEASE]
	at org.springframework.web.context.ContextLoader.configureAndRefreshWebApplicationContext(ContextLoader.java:383) ~[spring-web-3.1.2.RELEASE.jar:3.1.2.RELEASE]
	at org.springframework.web.context.ContextLoader.initWebApplicationContext(ContextLoader.java:283) ~[spring-web-3.1.2.RELEASE.jar:3.1.2.RELEASE]
	at org.springframework.web.context.ContextLoaderListener.contextInitialized(ContextLoaderListener.java:111) [spring-web-3.1.2.RELEASE.jar:3.1.2.RELEASE]
	at org.apache.catalina.core.StandardContext.listenerStart(StandardContext.java:4135) [catalina-6.0.29.jar:6.0.29]
	at org.apache.catalina.core.StandardContext.start(StandardContext.java:4630) [catalina-6.0.29.jar:6.0.29]
	at org.apache.catalina.core.ContainerBase.start(ContainerBase.java:1045) [catalina-6.0.29.jar:6.0.29]
	at org.apache.catalina.core.StandardHost.start(StandardHost.java:785) [catalina-6.0.29.jar:6.0.29]
	at org.apache.catalina.core.ContainerBase.start(ContainerBase.java:1045) [catalina-6.0.29.jar:6.0.29]
	at org.apache.catalina.core.StandardEngine.start(StandardEngine.java:445) [catalina-6.0.29.jar:6.0.29]
	at org.apache.catalina.startup.Embedded.start(Embedded.java:825) [catalina-6.0.29.jar:6.0.29]
	at org.codehaus.mojo.tomcat.AbstractRunMojo.startContainer(AbstractRunMojo.java:558) [tomcat-maven-plugin-1.1.jar:na]
	at org.codehaus.mojo.tomcat.AbstractRunMojo.execute(AbstractRunMojo.java:255) [tomcat-maven-plugin-1.1.jar:na]
	at org.apache.maven.plugin.DefaultBuildPluginManager.executeMojo(DefaultBuildPluginManager.java:101) [maven-core-3.0.4.jar:3.0.4]
	at org.apache.maven.lifecycle.internal.MojoExecutor.execute(MojoExecutor.java:209) [maven-core-3.0.4.jar:3.0.4]
	at org.apache.maven.lifecycle.internal.MojoExecutor.execute(MojoExecutor.java:153) [maven-core-3.0.4.jar:3.0.4]
	at org.apache.maven.lifecycle.internal.MojoExecutor.execute(MojoExecutor.java:145) [maven-core-3.0.4.jar:3.0.4]
	at org.apache.maven.lifecycle.internal.LifecycleModuleBuilder.buildProject(LifecycleModuleBuilder.java:84) [maven-core-3.0.4.jar:3.0.4]
	at org.apache.maven.lifecycle.internal.LifecycleModuleBuilder.buildProject(LifecycleModuleBuilder.java:59) [maven-core-3.0.4.jar:3.0.4]
	at org.apache.maven.lifecycle.internal.LifecycleStarter.singleThreadedBuild(LifecycleStarter.java:183) [maven-core-3.0.4.jar:3.0.4]
	at org.apache.maven.lifecycle.internal.LifecycleStarter.execute(LifecycleStarter.java:161) [maven-core-3.0.4.jar:3.0.4]
	at org.apache.maven.DefaultMaven.doExecute(DefaultMaven.java:320) [maven-core-3.0.4.jar:3.0.4]
	at org.apache.maven.DefaultMaven.execute(DefaultMaven.java:156) [maven-core-3.0.4.jar:3.0.4]
	at org.apache.maven.cli.MavenCli.execute(MavenCli.java:537) [maven-embedder-3.0.4.jar:3.0.4]
	at org.apache.maven.cli.MavenCli.doMain(MavenCli.java:196) [maven-embedder-3.0.4.jar:3.0.4]
	at org.apache.maven.cli.MavenCli.main(MavenCli.java:141) [maven-embedder-3.0.4.jar:3.0.4]
	at sun.reflect.NativeMethodAccessorImpl.invoke0(Native Method) ~[na:1.7.0_21]
	at sun.reflect.NativeMethodAccessorImpl.invoke(NativeMethodAccessorImpl.java:57) ~[na:1.7.0_21]
	at sun.reflect.DelegatingMethodAccessorImpl.invoke(DelegatingMethodAccessorImpl.java:43) ~[na:1.7.0_21]
	at java.lang.reflect.Method.invoke(Method.java:601) ~[na:1.7.0_21]
	at org.codehaus.plexus.classworlds.launcher.Launcher.launchEnhanced(Launcher.java:290) [plexus-classworlds-2.4.jar:na]
	at org.codehaus.plexus.classworlds.launcher.Launcher.launch(Launcher.java:230) [plexus-classworlds-2.4.jar:na]
	at org.codehaus.plexus.classworlds.launcher.Launcher.mainWithExitCode(Launcher.java:409) [plexus-classworlds-2.4.jar:na]
	at org.codehaus.plexus.classworlds.launcher.Launcher.main(Launcher.java:352) [plexus-classworlds-2.4.jar:na]
Caused by: org.springframework.beans.factory.BeanCreationException: Error creating bean with name 'entityManagerFactory' defined in URL [file:/C:/workspace/oauth/target/classes/applicationContext.xml]: Invocation of init method failed; nested exception is javax.persistence.PersistenceException: [PersistenceUnit: default] Unable to build EntityManagerFactory
	at org.springframework.beans.factory.support.AbstractAutowireCapableBeanFactory.initializeBean(AbstractAutowireCapableBeanFactory.java:1455) ~[spring-beans-3.1.2.RELEASE.jar:3.1.2.RELEASE]
	at org.springframework.beans.factory.support.AbstractAutowireCapableBeanFactory.doCreateBean(AbstractAutowireCapableBeanFactory.java:519) ~[spring-beans-3.1.2.RELEASE.jar:3.1.2.RELEASE]
	at org.springframework.beans.factory.support.AbstractAutowireCapableBeanFactory.createBean(AbstractAutowireCapableBeanFactory.java:456) ~[spring-beans-3.1.2.RELEASE.jar:3.1.2.RELEASE]
	at org.springframework.beans.factory.support.AbstractBeanFactory$1.getObject(AbstractBeanFactory.java:294) ~[spring-beans-3.1.2.RELEASE.jar:3.1.2.RELEASE]
	at org.springframework.beans.factory.support.DefaultSingletonBeanRegistry.getSingleton(DefaultSingletonBeanRegistry.java:225) ~[spring-beans-3.1.2.RELEASE.jar:3.1.2.RELEASE]
	at org.springframework.beans.factory.support.AbstractBeanFactory.doGetBean(AbstractBeanFactory.java:291) ~[spring-beans-3.1.2.RELEASE.jar:3.1.2.RELEASE]
	at org.springframework.beans.factory.support.AbstractBeanFactory.getBean(AbstractBeanFactory.java:197) ~[spring-beans-3.1.2.RELEASE.jar:3.1.2.RELEASE]
	at org.springframework.beans.factory.support.DefaultListableBeanFactory.getBeansOfType(DefaultListableBeanFactory.java:424) ~[spring-beans-3.1.2.RELEASE.jar:3.1.2.RELEASE]
	at org.springframework.beans.factory.BeanFactoryUtils.beansOfTypeIncludingAncestors(BeanFactoryUtils.java:277) ~[spring-beans-3.1.2.RELEASE.jar:3.1.2.RELEASE]
	at org.springframework.dao.support.PersistenceExceptionTranslationInterceptor.detectPersistenceExceptionTranslators(PersistenceExceptionTranslationInterceptor.java:139) ~[spring-tx-3.1.2.RELEASE.jar:3.1.2.RELEASE]
	at org.springframework.dao.support.PersistenceExceptionTranslationInterceptor.<init>(PersistenceExceptionTranslationInterceptor.java:79) ~[spring-tx-3.1.2.RELEASE.jar:3.1.2.RELEASE]
	at org.springframework.dao.annotation.PersistenceExceptionTranslationAdvisor.<init>(PersistenceExceptionTranslationAdvisor.java:70) ~[spring-tx-3.1.2.RELEASE.jar:3.1.2.RELEASE]
	at org.springframework.dao.annotation.PersistenceExceptionTranslationPostProcessor.setBeanFactory(PersistenceExceptionTranslationPostProcessor.java:103) ~[spring-tx-3.1.2.RELEASE.jar:3.1.2.RELEASE]
	at org.springframework.beans.factory.support.AbstractAutowireCapableBeanFactory.invokeAwareMethods(AbstractAutowireCapableBeanFactory.java:1475) ~[spring-beans-3.1.2.RELEASE.jar:3.1.2.RELEASE]
	at org.springframework.beans.factory.support.AbstractAutowireCapableBeanFactory.initializeBean(AbstractAutowireCapableBeanFactory.java:1443) ~[spring-beans-3.1.2.RELEASE.jar:3.1.2.RELEASE]
	at org.springframework.beans.factory.support.AbstractAutowireCapableBeanFactory.doCreateBean(AbstractAutowireCapableBeanFactory.java:519) ~[spring-beans-3.1.2.RELEASE.jar:3.1.2.RELEASE]
	... 40 common frames omitted
Caused by: javax.persistence.PersistenceException: [PersistenceUnit: default] Unable to build EntityManagerFactory
	at org.hibernate.ejb.Ejb3Configuration.buildEntityManagerFactory(Ejb3Configuration.java:924) ~[hibernate-entitymanager-4.2.3.Final.jar:4.2.3.Final]
	at org.hibernate.ejb.Ejb3Configuration.buildEntityManagerFactory(Ejb3Configuration.java:899) ~[hibernate-entitymanager-4.2.3.Final.jar:4.2.3.Final]
	at org.hibernate.ejb.HibernatePersistence.createContainerEntityManagerFactory(HibernatePersistence.java:76) ~[hibernate-entitymanager-4.2.3.Final.jar:4.2.3.Final]
	at org.springframework.orm.jpa.LocalContainerEntityManagerFactoryBean.createNativeEntityManagerFactory(LocalContainerEntityManagerFactoryBean.java:268) ~[spring-orm-3.1.2.RELEASE.jar:3.1.2.RELEASE]
	at org.springframework.orm.jpa.AbstractEntityManagerFactoryBean.afterPropertiesSet(AbstractEntityManagerFactoryBean.java:310) ~[spring-orm-3.1.2.RELEASE.jar:3.1.2.RELEASE]
	at org.springframework.beans.factory.support.AbstractAutowireCapableBeanFactory.invokeInitMethods(AbstractAutowireCapableBeanFactory.java:1514) ~[spring-beans-3.1.2.RELEASE.jar:3.1.2.RELEASE]
	at org.springframework.beans.factory.support.AbstractAutowireCapableBeanFactory.initializeBean(AbstractAutowireCapableBeanFactory.java:1452) ~[spring-beans-3.1.2.RELEASE.jar:3.1.2.RELEASE]
	... 55 common frames omitted
Caused by: org.hibernate.HibernateException: Connection cannot be null when 'hibernate.dialect' not set
	at org.hibernate.service.jdbc.dialect.internal.DialectFactoryImpl.determineDialect(DialectFactoryImpl.java:97) ~[hibernate-core-4.2.3.Final.jar:4.2.3.Final]
	at org.hibernate.service.jdbc.dialect.internal.DialectFactoryImpl.buildDialect(DialectFactoryImpl.java:67) ~[hibernate-core-4.2.3.Final.jar:4.2.3.Final]
	at org.hibernate.engine.jdbc.internal.JdbcServicesImpl.configure(JdbcServicesImpl.java:170) ~[hibernate-core-4.2.3.Final.jar:4.2.3.Final]
	at org.hibernate.service.internal.StandardServiceRegistryImpl.configureService(StandardServiceRegistryImpl.java:75) ~[hibernate-core-4.2.3.Final.jar:4.2.3.Final]
	at org.hibernate.service.internal.AbstractServiceRegistryImpl.initializeService(AbstractServiceRegistryImpl.java:159) ~[hibernate-core-4.2.3.Final.jar:4.2.3.Final]
	at org.hibernate.service.internal.AbstractServiceRegistryImpl.getService(AbstractServiceRegistryImpl.java:131) ~[hibernate-core-4.2.3.Final.jar:4.2.3.Final]
	at org.hibernate.cfg.Configuration.buildTypeRegistrations(Configuration.java:1797) ~[hibernate-core-4.2.3.Final.jar:4.2.3.Final]
	at org.hibernate.cfg.Configuration.buildSessionFactory(Configuration.java:1755) ~[hibernate-core-4.2.3.Final.jar:4.2.3.Final]
	at org.hibernate.ejb.EntityManagerFactoryImpl.<init>(EntityManagerFactoryImpl.java:96) ~[hibernate-entitymanager-4.2.3.Final.jar:4.2.3.Final]
	at org.hibernate.ejb.Ejb3Configuration.buildEntityManagerFactory(Ejb3Configuration.java:914) ~[hibernate-entitymanager-4.2.3.Final.jar:4.2.3.Final]
	... 61 common frames omitted
14:19:10.464 [main] WARN  o.h.e.jdbc.internal.JdbcServicesImpl - HHH000342: Could not obtain connection to query metadata : Unknown database 'oauth'
14:19:10.479 [main] ERROR o.s.web.context.ContextLoader - Context initialization failed
org.springframework.beans.factory.BeanCreationException: Error creating bean with name 'org.springframework.dao.annotation.PersistenceExceptionTranslationPostProcessor#0': Initialization of bean failed; nested exception is org.springframework.beans.factory.BeanCreationException: Error creating bean with name 'entityManagerFactory' defined in URL [file:/C:/workspace/oauth/target/classes/applicationContext.xml]: Invocation of init method failed; nested exception is javax.persistence.PersistenceException: [PersistenceUnit: default] Unable to build EntityManagerFactory
	at org.springframework.beans.factory.support.AbstractAutowireCapableBeanFactory.doCreateBean(AbstractAutowireCapableBeanFactory.java:527) ~[spring-beans-3.1.2.RELEASE.jar:3.1.2.RELEASE]
	at org.springframework.beans.factory.support.AbstractAutowireCapableBeanFactory.createBean(AbstractAutowireCapableBeanFactory.java:456) ~[spring-beans-3.1.2.RELEASE.jar:3.1.2.RELEASE]
	at org.springframework.beans.factory.support.AbstractBeanFactory$1.getObject(AbstractBeanFactory.java:294) ~[spring-beans-3.1.2.RELEASE.jar:3.1.2.RELEASE]
	at org.springframework.beans.factory.support.DefaultSingletonBeanRegistry.getSingleton(DefaultSingletonBeanRegistry.java:225) ~[spring-beans-3.1.2.RELEASE.jar:3.1.2.RELEASE]
	at org.springframework.beans.factory.support.AbstractBeanFactory.doGetBean(AbstractBeanFactory.java:291) ~[spring-beans-3.1.2.RELEASE.jar:3.1.2.RELEASE]
	at org.springframework.beans.factory.support.AbstractBeanFactory.getBean(AbstractBeanFactory.java:197) ~[spring-beans-3.1.2.RELEASE.jar:3.1.2.RELEASE]
	at org.springframework.context.support.AbstractApplicationContext.registerBeanPostProcessors(AbstractApplicationContext.java:733) ~[spring-context-3.1.2.RELEASE.jar:3.1.2.RELEASE]
	at org.springframework.context.support.AbstractApplicationContext.refresh(AbstractApplicationContext.java:454) ~[spring-context-3.1.2.RELEASE.jar:3.1.2.RELEASE]
	at org.springframework.web.context.ContextLoader.configureAndRefreshWebApplicationContext(ContextLoader.java:383) ~[spring-web-3.1.2.RELEASE.jar:3.1.2.RELEASE]
	at org.springframework.web.context.ContextLoader.initWebApplicationContext(ContextLoader.java:283) ~[spring-web-3.1.2.RELEASE.jar:3.1.2.RELEASE]
	at org.springframework.web.context.ContextLoaderListener.contextInitialized(ContextLoaderListener.java:111) [spring-web-3.1.2.RELEASE.jar:3.1.2.RELEASE]
	at org.apache.catalina.core.StandardContext.listenerStart(StandardContext.java:4135) [catalina-6.0.29.jar:6.0.29]
	at org.apache.catalina.core.StandardContext.start(StandardContext.java:4630) [catalina-6.0.29.jar:6.0.29]
	at org.apache.catalina.core.ContainerBase.start(ContainerBase.java:1045) [catalina-6.0.29.jar:6.0.29]
	at org.apache.catalina.core.StandardHost.start(StandardHost.java:785) [catalina-6.0.29.jar:6.0.29]
	at org.apache.catalina.core.ContainerBase.start(ContainerBase.java:1045) [catalina-6.0.29.jar:6.0.29]
	at org.apache.catalina.core.StandardEngine.start(StandardEngine.java:445) [catalina-6.0.29.jar:6.0.29]
	at org.apache.catalina.startup.Embedded.start(Embedded.java:825) [catalina-6.0.29.jar:6.0.29]
	at org.codehaus.mojo.tomcat.AbstractRunMojo.startContainer(AbstractRunMojo.java:558) [tomcat-maven-plugin-1.1.jar:na]
	at org.codehaus.mojo.tomcat.AbstractRunMojo.execute(AbstractRunMojo.java:255) [tomcat-maven-plugin-1.1.jar:na]
	at org.apache.maven.plugin.DefaultBuildPluginManager.executeMojo(DefaultBuildPluginManager.java:101) [maven-core-3.0.4.jar:3.0.4]
	at org.apache.maven.lifecycle.internal.MojoExecutor.execute(MojoExecutor.java:209) [maven-core-3.0.4.jar:3.0.4]
	at org.apache.maven.lifecycle.internal.MojoExecutor.execute(MojoExecutor.java:153) [maven-core-3.0.4.jar:3.0.4]
	at org.apache.maven.lifecycle.internal.MojoExecutor.execute(MojoExecutor.java:145) [maven-core-3.0.4.jar:3.0.4]
	at org.apache.maven.lifecycle.internal.LifecycleModuleBuilder.buildProject(LifecycleModuleBuilder.java:84) [maven-core-3.0.4.jar:3.0.4]
	at org.apache.maven.lifecycle.internal.LifecycleModuleBuilder.buildProject(LifecycleModuleBuilder.java:59) [maven-core-3.0.4.jar:3.0.4]
	at org.apache.maven.lifecycle.internal.LifecycleStarter.singleThreadedBuild(LifecycleStarter.java:183) [maven-core-3.0.4.jar:3.0.4]
	at org.apache.maven.lifecycle.internal.LifecycleStarter.execute(LifecycleStarter.java:161) [maven-core-3.0.4.jar:3.0.4]
	at org.apache.maven.DefaultMaven.doExecute(DefaultMaven.java:320) [maven-core-3.0.4.jar:3.0.4]
	at org.apache.maven.DefaultMaven.execute(DefaultMaven.java:156) [maven-core-3.0.4.jar:3.0.4]
	at org.apache.maven.cli.MavenCli.execute(MavenCli.java:537) [maven-embedder-3.0.4.jar:3.0.4]
	at org.apache.maven.cli.MavenCli.doMain(MavenCli.java:196) [maven-embedder-3.0.4.jar:3.0.4]
	at org.apache.maven.cli.MavenCli.main(MavenCli.java:141) [maven-embedder-3.0.4.jar:3.0.4]
	at sun.reflect.NativeMethodAccessorImpl.invoke0(Native Method) ~[na:1.7.0_21]
	at sun.reflect.NativeMethodAccessorImpl.invoke(NativeMethodAccessorImpl.java:57) ~[na:1.7.0_21]
	at sun.reflect.DelegatingMethodAccessorImpl.invoke(DelegatingMethodAccessorImpl.java:43) ~[na:1.7.0_21]
	at java.lang.reflect.Method.invoke(Method.java:601) ~[na:1.7.0_21]
	at org.codehaus.plexus.classworlds.launcher.Launcher.launchEnhanced(Launcher.java:290) [plexus-classworlds-2.4.jar:na]
	at org.codehaus.plexus.classworlds.launcher.Launcher.launch(Launcher.java:230) [plexus-classworlds-2.4.jar:na]
	at org.codehaus.plexus.classworlds.launcher.Launcher.mainWithExitCode(Launcher.java:409) [plexus-classworlds-2.4.jar:na]
	at org.codehaus.plexus.classworlds.launcher.Launcher.main(Launcher.java:352) [plexus-classworlds-2.4.jar:na]
Caused by: org.springframework.beans.factory.BeanCreationException: Error creating bean with name 'entityManagerFactory' defined in URL [file:/C:/workspace/oauth/target/classes/applicationContext.xml]: Invocation of init method failed; nested exception is javax.persistence.PersistenceException: [PersistenceUnit: default] Unable to build EntityManagerFactory
	at org.springframework.beans.factory.support.AbstractAutowireCapableBeanFactory.initializeBean(AbstractAutowireCapableBeanFactory.java:1455) ~[spring-beans-3.1.2.RELEASE.jar:3.1.2.RELEASE]
	at org.springframework.beans.factory.support.AbstractAutowireCapableBeanFactory.doCreateBean(AbstractAutowireCapableBeanFactory.java:519) ~[spring-beans-3.1.2.RELEASE.jar:3.1.2.RELEASE]
	at org.springframework.beans.factory.support.AbstractAutowireCapableBeanFactory.createBean(AbstractAutowireCapableBeanFactory.java:456) ~[spring-beans-3.1.2.RELEASE.jar:3.1.2.RELEASE]
	at org.springframework.beans.factory.support.AbstractBeanFactory$1.getObject(AbstractBeanFactory.java:294) ~[spring-beans-3.1.2.RELEASE.jar:3.1.2.RELEASE]
	at org.springframework.beans.factory.support.DefaultSingletonBeanRegistry.getSingleton(DefaultSingletonBeanRegistry.java:225) ~[spring-beans-3.1.2.RELEASE.jar:3.1.2.RELEASE]
	at org.springframework.beans.factory.support.AbstractBeanFactory.doGetBean(AbstractBeanFactory.java:291) ~[spring-beans-3.1.2.RELEASE.jar:3.1.2.RELEASE]
	at org.springframework.beans.factory.support.AbstractBeanFactory.getBean(AbstractBeanFactory.java:197) ~[spring-beans-3.1.2.RELEASE.jar:3.1.2.RELEASE]
	at org.springframework.beans.factory.support.DefaultListableBeanFactory.getBeansOfType(DefaultListableBeanFactory.java:424) ~[spring-beans-3.1.2.RELEASE.jar:3.1.2.RELEASE]
	at org.springframework.beans.factory.BeanFactoryUtils.beansOfTypeIncludingAncestors(BeanFactoryUtils.java:277) ~[spring-beans-3.1.2.RELEASE.jar:3.1.2.RELEASE]
	at org.springframework.dao.support.PersistenceExceptionTranslationInterceptor.detectPersistenceExceptionTranslators(PersistenceExceptionTranslationInterceptor.java:139) ~[spring-tx-3.1.2.RELEASE.jar:3.1.2.RELEASE]
	at org.springframework.dao.support.PersistenceExceptionTranslationInterceptor.<init>(PersistenceExceptionTranslationInterceptor.java:79) ~[spring-tx-3.1.2.RELEASE.jar:3.1.2.RELEASE]
	at org.springframework.dao.annotation.PersistenceExceptionTranslationAdvisor.<init>(PersistenceExceptionTranslationAdvisor.java:70) ~[spring-tx-3.1.2.RELEASE.jar:3.1.2.RELEASE]
	at org.springframework.dao.annotation.PersistenceExceptionTranslationPostProcessor.setBeanFactory(PersistenceExceptionTranslationPostProcessor.java:103) ~[spring-tx-3.1.2.RELEASE.jar:3.1.2.RELEASE]
	at org.springframework.beans.factory.support.AbstractAutowireCapableBeanFactory.invokeAwareMethods(AbstractAutowireCapableBeanFactory.java:1475) ~[spring-beans-3.1.2.RELEASE.jar:3.1.2.RELEASE]
	at org.springframework.beans.factory.support.AbstractAutowireCapableBeanFactory.initializeBean(AbstractAutowireCapableBeanFactory.java:1443) ~[spring-beans-3.1.2.RELEASE.jar:3.1.2.RELEASE]
	at org.springframework.beans.factory.support.AbstractAutowireCapableBeanFactory.doCreateBean(AbstractAutowireCapableBeanFactory.java:519) ~[spring-beans-3.1.2.RELEASE.jar:3.1.2.RELEASE]
	... 40 common frames omitted
Caused by: javax.persistence.PersistenceException: [PersistenceUnit: default] Unable to build EntityManagerFactory
	at org.hibernate.ejb.Ejb3Configuration.buildEntityManagerFactory(Ejb3Configuration.java:924) ~[hibernate-entitymanager-4.2.3.Final.jar:4.2.3.Final]
	at org.hibernate.ejb.Ejb3Configuration.buildEntityManagerFactory(Ejb3Configuration.java:899) ~[hibernate-entitymanager-4.2.3.Final.jar:4.2.3.Final]
	at org.hibernate.ejb.HibernatePersistence.createContainerEntityManagerFactory(HibernatePersistence.java:76) ~[hibernate-entitymanager-4.2.3.Final.jar:4.2.3.Final]
	at org.springframework.orm.jpa.LocalContainerEntityManagerFactoryBean.createNativeEntityManagerFactory(LocalContainerEntityManagerFactoryBean.java:268) ~[spring-orm-3.1.2.RELEASE.jar:3.1.2.RELEASE]
	at org.springframework.orm.jpa.AbstractEntityManagerFactoryBean.afterPropertiesSet(AbstractEntityManagerFactoryBean.java:310) ~[spring-orm-3.1.2.RELEASE.jar:3.1.2.RELEASE]
	at org.springframework.beans.factory.support.AbstractAutowireCapableBeanFactory.invokeInitMethods(AbstractAutowireCapableBeanFactory.java:1514) ~[spring-beans-3.1.2.RELEASE.jar:3.1.2.RELEASE]
	at org.springframework.beans.factory.support.AbstractAutowireCapableBeanFactory.initializeBean(AbstractAutowireCapableBeanFactory.java:1452) ~[spring-beans-3.1.2.RELEASE.jar:3.1.2.RELEASE]
	... 55 common frames omitted
Caused by: org.hibernate.HibernateException: Connection cannot be null when 'hibernate.dialect' not set
	at org.hibernate.service.jdbc.dialect.internal.DialectFactoryImpl.determineDialect(DialectFactoryImpl.java:97) ~[hibernate-core-4.2.3.Final.jar:4.2.3.Final]
	at org.hibernate.service.jdbc.dialect.internal.DialectFactoryImpl.buildDialect(DialectFactoryImpl.java:67) ~[hibernate-core-4.2.3.Final.jar:4.2.3.Final]
	at org.hibernate.engine.jdbc.internal.JdbcServicesImpl.configure(JdbcServicesImpl.java:170) ~[hibernate-core-4.2.3.Final.jar:4.2.3.Final]
	at org.hibernate.service.internal.StandardServiceRegistryImpl.configureService(StandardServiceRegistryImpl.java:75) ~[hibernate-core-4.2.3.Final.jar:4.2.3.Final]
	at org.hibernate.service.internal.AbstractServiceRegistryImpl.initializeService(AbstractServiceRegistryImpl.java:159) ~[hibernate-core-4.2.3.Final.jar:4.2.3.Final]
	at org.hibernate.service.internal.AbstractServiceRegistryImpl.getService(AbstractServiceRegistryImpl.java:131) ~[hibernate-core-4.2.3.Final.jar:4.2.3.Final]
	at org.hibernate.cfg.Configuration.buildTypeRegistrations(Configuration.java:1797) ~[hibernate-core-4.2.3.Final.jar:4.2.3.Final]
	at org.hibernate.cfg.Configuration.buildSessionFactory(Configuration.java:1755) ~[hibernate-core-4.2.3.Final.jar:4.2.3.Final]
	at org.hibernate.ejb.EntityManagerFactoryImpl.<init>(EntityManagerFactoryImpl.java:96) ~[hibernate-entitymanager-4.2.3.Final.jar:4.2.3.Final]
	at org.hibernate.ejb.Ejb3Configuration.buildEntityManagerFactory(Ejb3Configuration.java:914) ~[hibernate-entitymanager-4.2.3.Final.jar:4.2.3.Final]
	... 61 common frames omitted
14:22:37.523 [http-8080-1] WARN  o.s.web.servlet.PageNotFound - No mapping found for HTTP request with URI [/oauth/img/favicon.png] in DispatcherServlet with name 'spring'
