09:39:22.951 [http-8080-4] WARN  o.s.web.servlet.PageNotFound - No mapping found for HTTP request with URI [/oauth/local/user] in DispatcherServlet with name 'spring'
10:14:14.309 [http-8080-2] WARN  o.h.e.jdbc.spi.SqlExceptionHelper - SQL Error: 1054, SQLState: 42S22
10:14:14.315 [http-8080-2] ERROR o.h.e.jdbc.spi.SqlExceptionHelper - Unknown column 'user1_.user_name' in 'field list'
10:15:29.862 [http-8080-1] WARN  o.h.e.jdbc.spi.SqlExceptionHelper - SQL Error: 1054, SQLState: 42S22
10:15:29.863 [http-8080-1] ERROR o.h.e.jdbc.spi.SqlExceptionHelper - Unknown column 'user1_.user_name' in 'field list'
10:16:52.299 [main] WARN  o.s.aop.framework.Cglib2AopProxy - Unable to proxy method [public final void org.springframework.test.context.junit4.AbstractJUnit4SpringContextTests.setApplicationContext(org.springframework.context.ApplicationContext)] because it is final: All calls to this method via a proxy will be routed directly to the proxy.
10:16:52.333 [main] INFO  com.channelsoft.oauth.JpaMappingTest - entity num: 2
10:16:52.391 [main] WARN  o.h.e.jdbc.spi.SqlExceptionHelper - SQL Error: 1054, SQLState: 42S22
10:16:52.391 [main] ERROR o.h.e.jdbc.spi.SqlExceptionHelper - Unknown column 'user0_.user_name' in 'field list'
10:18:05.506 [main] WARN  o.s.aop.framework.Cglib2AopProxy - Unable to proxy method [public final void org.springframework.test.context.junit4.AbstractJUnit4SpringContextTests.setApplicationContext(org.springframework.context.ApplicationContext)] because it is final: All calls to this method via a proxy will be routed directly to the proxy.
10:18:05.545 [main] INFO  com.channelsoft.oauth.JpaMappingTest - entity num: 2
10:18:05.620 [main] INFO  com.channelsoft.oauth.JpaMappingTest - ok: UserProfile
10:18:05.635 [main] INFO  com.channelsoft.oauth.JpaMappingTest - ok: User
10:27:10.655 [main] WARN  o.s.aop.framework.Cglib2AopProxy - Unable to proxy method [public final void org.springframework.test.context.junit4.AbstractJUnit4SpringContextTests.setApplicationContext(org.springframework.context.ApplicationContext)] because it is final: All calls to this method via a proxy will be routed directly to the proxy.
10:27:39.407 [main] WARN  o.s.aop.framework.Cglib2AopProxy - Unable to proxy method [public final void org.springframework.test.context.junit4.AbstractJUnit4SpringContextTests.setApplicationContext(org.springframework.context.ApplicationContext)] because it is final: All calls to this method via a proxy will be routed directly to the proxy.
10:29:20.519 [main] WARN  o.s.aop.framework.Cglib2AopProxy - Unable to proxy method [public final void org.springframework.test.context.junit4.AbstractJUnit4SpringContextTests.setApplicationContext(org.springframework.context.ApplicationContext)] because it is final: All calls to this method via a proxy will be routed directly to the proxy.
10:34:03.560 [main] WARN  o.s.aop.framework.Cglib2AopProxy - Unable to proxy method [public final void org.springframework.test.context.junit4.AbstractJUnit4SpringContextTests.setApplicationContext(org.springframework.context.ApplicationContext)] because it is final: All calls to this method via a proxy will be routed directly to the proxy.
10:59:16.655 [main] WARN  o.s.aop.framework.Cglib2AopProxy - Unable to proxy method [public final void org.springframework.test.context.junit4.AbstractJUnit4SpringContextTests.setApplicationContext(org.springframework.context.ApplicationContext)] because it is final: All calls to this method via a proxy will be routed directly to the proxy.
10:59:30.095 [main] WARN  o.s.aop.framework.Cglib2AopProxy - Unable to proxy method [public final void org.springframework.test.context.junit4.AbstractJUnit4SpringContextTests.setApplicationContext(org.springframework.context.ApplicationContext)] because it is final: All calls to this method via a proxy will be routed directly to the proxy.
10:59:30.129 [main] INFO  com.channelsoft.oauth.JpaMappingTest - entity num: 2
10:59:30.187 [main] INFO  com.channelsoft.oauth.JpaMappingTest - ok: UserProfile
10:59:30.199 [main] INFO  com.channelsoft.oauth.JpaMappingTest - ok: User
14:40:25.762 [http-8080-4] WARN  o.s.web.servlet.PageNotFound - No mapping found for HTTP request with URI [/oauth/settings/billing] in DispatcherServlet with name 'spring'
14:51:29.193 [http-8080-5] WARN  o.s.web.servlet.PageNotFound - No mapping found for HTTP request with URI [/oauth/settings/admin] in DispatcherServlet with name 'spring'
14:58:42.943 [main] WARN  o.s.aop.framework.Cglib2AopProxy - Unable to proxy method [public final void org.springframework.test.context.junit4.AbstractJUnit4SpringContextTests.setApplicationContext(org.springframework.context.ApplicationContext)] because it is final: All calls to this method via a proxy will be routed directly to the proxy.
14:59:14.231 [main] WARN  o.s.aop.framework.Cglib2AopProxy - Unable to proxy method [public final void org.springframework.test.context.junit4.AbstractJUnit4SpringContextTests.setApplicationContext(org.springframework.context.ApplicationContext)] because it is final: All calls to this method via a proxy will be routed directly to the proxy.
14:59:25.359 [main] WARN  o.s.aop.framework.Cglib2AopProxy - Unable to proxy method [public final void org.springframework.test.context.junit4.AbstractJUnit4SpringContextTests.setApplicationContext(org.springframework.context.ApplicationContext)] because it is final: All calls to this method via a proxy will be routed directly to the proxy.
14:59:25.403 [main] INFO  com.channelsoft.oauth.JpaMappingTest - entity num: 2
14:59:25.482 [main] INFO  com.channelsoft.oauth.JpaMappingTest - ok: UserProfile
14:59:25.497 [main] INFO  com.channelsoft.oauth.JpaMappingTest - ok: User
15:40:51.804 [main] WARN  o.s.aop.framework.Cglib2AopProxy - Unable to proxy method [public final void org.springframework.test.context.junit4.AbstractJUnit4SpringContextTests.setApplicationContext(org.springframework.context.ApplicationContext)] because it is final: All calls to this method via a proxy will be routed directly to the proxy.
15:40:51.841 [main] INFO  com.channelsoft.oauth.JpaMappingTest - entity num: 4
15:40:51.890 [main] WARN  o.h.e.jdbc.spi.SqlExceptionHelper - SQL Error: 1054, SQLState: 42S22
15:40:51.890 [main] ERROR o.h.e.jdbc.spi.SqlExceptionHelper - Unknown column 'userplan0_.plan_id' in 'field list'
15:41:19.047 [main] WARN  o.s.aop.framework.Cglib2AopProxy - Unable to proxy method [public final void org.springframework.test.context.junit4.AbstractJUnit4SpringContextTests.setApplicationContext(org.springframework.context.ApplicationContext)] because it is final: All calls to this method via a proxy will be routed directly to the proxy.
15:41:19.087 [main] INFO  com.channelsoft.oauth.JpaMappingTest - entity num: 4
15:41:19.160 [main] INFO  com.channelsoft.oauth.JpaMappingTest - ok: UserProfile
15:41:19.174 [main] WARN  o.h.e.jdbc.spi.SqlExceptionHelper - SQL Error: 1054, SQLState: 42S22
15:41:19.175 [main] ERROR o.h.e.jdbc.spi.SqlExceptionHelper - Unknown column 'userplan0_.plan_id' in 'field list'
15:41:42.676 [main] WARN  o.s.aop.framework.Cglib2AopProxy - Unable to proxy method [public final void org.springframework.test.context.junit4.AbstractJUnit4SpringContextTests.setApplicationContext(org.springframework.context.ApplicationContext)] because it is final: All calls to this method via a proxy will be routed directly to the proxy.
15:41:42.715 [main] INFO  com.channelsoft.oauth.JpaMappingTest - entity num: 4
15:41:42.765 [main] INFO  com.channelsoft.oauth.JpaMappingTest - ok: Plan
15:41:42.784 [main] INFO  com.channelsoft.oauth.JpaMappingTest - ok: User
15:41:42.797 [main] WARN  o.h.e.jdbc.spi.SqlExceptionHelper - SQL Error: 1054, SQLState: 42S22
15:41:42.797 [main] ERROR o.h.e.jdbc.spi.SqlExceptionHelper - Unknown column 'userplan0_.plans_id' in 'field list'
15:42:36.561 [main] WARN  o.s.aop.framework.Cglib2AopProxy - Unable to proxy method [public final void org.springframework.test.context.junit4.AbstractJUnit4SpringContextTests.setApplicationContext(org.springframework.context.ApplicationContext)] because it is final: All calls to this method via a proxy will be routed directly to the proxy.
15:42:36.600 [main] INFO  com.channelsoft.oauth.JpaMappingTest - entity num: 4
15:42:36.677 [main] INFO  com.channelsoft.oauth.JpaMappingTest - ok: UserProfile
15:42:36.692 [main] INFO  com.channelsoft.oauth.JpaMappingTest - ok: UserPlan
15:42:36.700 [main] INFO  com.channelsoft.oauth.JpaMappingTest - ok: User
15:42:36.707 [main] INFO  com.channelsoft.oauth.JpaMappingTest - ok: Plan
16:01:23.241 [main] WARN  o.s.aop.framework.Cglib2AopProxy - Unable to proxy method [public final void org.springframework.test.context.junit4.AbstractJUnit4SpringContextTests.setApplicationContext(org.springframework.context.ApplicationContext)] because it is final: All calls to this method via a proxy will be routed directly to the proxy.
16:01:41.518 [main] WARN  o.s.aop.framework.Cglib2AopProxy - Unable to proxy method [public final void org.springframework.test.context.junit4.AbstractJUnit4SpringContextTests.setApplicationContext(org.springframework.context.ApplicationContext)] because it is final: All calls to this method via a proxy will be routed directly to the proxy.
16:32:40.084 [main] WARN  o.s.aop.framework.Cglib2AopProxy - Unable to proxy method [public final void org.springframework.test.context.junit4.AbstractJUnit4SpringContextTests.setApplicationContext(org.springframework.context.ApplicationContext)] because it is final: All calls to this method via a proxy will be routed directly to the proxy.
16:35:22.321 [main] WARN  o.s.aop.framework.Cglib2AopProxy - Unable to proxy method [public final void org.springframework.test.context.junit4.AbstractJUnit4SpringContextTests.setApplicationContext(org.springframework.context.ApplicationContext)] because it is final: All calls to this method via a proxy will be routed directly to the proxy.
17:06:18.591 [http-8080-1] WARN  o.s.web.servlet.PageNotFound - No mapping found for HTTP request with URI [/oauth/settings/save] in DispatcherServlet with name 'spring'
17:06:58.601 [http-8080-5] WARN  o.s.web.servlet.PageNotFound - No mapping found for HTTP request with URI [/oauth/settings/save] in DispatcherServlet with name 'spring'
17:07:04.493 [http-8080-2] WARN  o.s.web.servlet.PageNotFound - No mapping found for HTTP request with URI [/oauth/settings/save] in DispatcherServlet with name 'spring'
17:07:27.503 [http-8080-3] WARN  o.s.web.servlet.PageNotFound - Request method 'GET' not supported
17:11:03.380 [http-8080-6] WARN  o.s.web.servlet.PageNotFound - No mapping found for HTTP request with URI [/oauth/settings/profile/profile/save] in DispatcherServlet with name 'spring'
17:11:23.806 [http-8080-6] WARN  o.s.web.servlet.PageNotFound - No mapping found for HTTP request with URI [/oauth/settings/save] in DispatcherServlet with name 'spring'
17:14:55.328 [http-8080-2] WARN  o.s.web.servlet.PageNotFound - No mapping found for HTTP request with URI [/oauth/settings/profile/profile/save] in DispatcherServlet with name 'spring'
17:15:08.324 [http-8080-5] WARN  o.s.web.servlet.PageNotFound - No mapping found for HTTP request with URI [/oauth/settings/profile/profile/save] in DispatcherServlet with name 'spring'
17:15:28.371 [http-8080-4] WARN  o.h.e.jdbc.spi.SqlExceptionHelper - SQL Error: 1364, SQLState: HY000
17:15:28.371 [http-8080-4] ERROR o.h.e.jdbc.spi.SqlExceptionHelper - Field 'id' doesn't have a default value
17:16:08.981 [http-8080-5] WARN  o.s.web.servlet.PageNotFound - No mapping found for HTTP request with URI [/oauth/settings/save] in DispatcherServlet with name 'spring'
17:16:54.901 [http-8080-6] WARN  o.s.web.servlet.PageNotFound - No mapping found for HTTP request with URI [/oauth/setting/profile/save] in DispatcherServlet with name 'spring'
17:17:21.632 [http-8080-6] WARN  o.h.e.jdbc.spi.SqlExceptionHelper - SQL Error: 1364, SQLState: HY000
17:17:21.632 [http-8080-6] ERROR o.h.e.jdbc.spi.SqlExceptionHelper - Field 'id' doesn't have a default value
17:19:04.243 [http-8080-4] WARN  o.s.web.servlet.PageNotFound - No mapping found for HTTP request with URI [/oauth/settings/profile/settings/profile] in DispatcherServlet with name 'spring'
17:19:41.368 [http-8080-4] WARN  o.s.web.servlet.PageNotFound - No mapping found for HTTP request with URI [/oauth/settings/admin] in DispatcherServlet with name 'spring'
17:19:51.085 [http-8080-2] WARN  o.s.web.servlet.PageNotFound - No mapping found for HTTP request with URI [/oauth/img/favicon.png] in DispatcherServlet with name 'spring'
17:25:08.118 [http-8080-4] WARN  o.s.web.servlet.PageNotFound - No mapping found for HTTP request with URI [/oauth/settings/profile/settings/profile] in DispatcherServlet with name 'spring'
17:26:55.368 [http-8080-3] WARN  o.s.web.servlet.PageNotFound - No mapping found for HTTP request with URI [/oauth/settings/profile/settings/profile] in DispatcherServlet with name 'spring'
17:47:55.030 [http-8080-1] WARN  o.s.web.servlet.PageNotFound - No mapping found for HTTP request with URI [/oauth/settings/admin] in DispatcherServlet with name 'spring'
18:08:48.214 [http-8080-2] WARN  o.s.web.servlet.PageNotFound - Request method 'GET' not supported
19:23:52.621 [http-8080-5] WARN  o.s.web.servlet.PageNotFound - Request method 'GET' not supported
